\BOOKMARK [0][-]{chapter.1}{Introduction}{}% 1
\BOOKMARK [1][-]{section.1.1}{Background}{chapter.1}% 2
\BOOKMARK [1][-]{section.1.2}{Model Introduction}{chapter.1}% 3
\BOOKMARK [2][-]{subsection.1.2.1}{Without Time Delay}{section.1.2}% 4
\BOOKMARK [2][-]{subsection.1.2.2}{With Fixed Time Delay}{section.1.2}% 5
\BOOKMARK [2][-]{subsection.1.2.3}{With Distributed Time Delay}{section.1.2}% 6
\BOOKMARK [1][-]{section.1.3}{Mathematical Preliminaries}{chapter.1}% 7
\BOOKMARK [2][-]{subsection.1.3.1}{Turing Pattern Formation Without Delay}{section.1.3}% 8
\BOOKMARK [2][-]{subsection.1.3.2}{Numerical Implementation}{section.1.3}% 9
\BOOKMARK [0][-]{chapter.2}{Fixed Delay Model}{}% 10
\BOOKMARK [1][-]{section.2.1}{Linear Analysis}{chapter.2}% 11
\BOOKMARK [2][-]{subsection.2.1.1}{Bifurcation Analysis}{section.2.1}% 12
\BOOKMARK [1][-]{section.2.2}{Investigation of Variation in Initial and Boundary Conditions}{chapter.2}% 13
\BOOKMARK [1][-]{section.2.3}{Relationship Between Time-To-Pattern and Time Delay}{chapter.2}% 14
\BOOKMARK [1][-]{section.2.4}{Summary}{chapter.2}% 15
\BOOKMARK [0][-]{chapter.3}{Distributed Delay Model}{}% 16
\BOOKMARK [1][-]{section.3.1}{Composite Simpson's Rule}{chapter.3}% 17
\BOOKMARK [1][-]{section.3.2}{A Symmetric Distribution}{chapter.3}% 18
\BOOKMARK [2][-]{subsection.3.2.1}{Introduction}{section.3.2}% 19
\BOOKMARK [2][-]{subsection.3.2.2}{Linear Analysis}{section.3.2}% 20
\BOOKMARK [2][-]{subsection.3.2.3}{Numerical Results}{section.3.2}% 21
\BOOKMARK [1][-]{section.3.3}{An Asymmetric Distribution}{chapter.3}% 22
\BOOKMARK [2][-]{subsection.3.3.1}{Introduction}{section.3.3}% 23
\BOOKMARK [2][-]{subsection.3.3.2}{Linear Analysis}{section.3.3}% 24
\BOOKMARK [2][-]{subsection.3.3.3}{Numerical Results}{section.3.3}% 25
\BOOKMARK [0][-]{chapter.4}{Gierer-Meinhardt Model}{}% 26
\BOOKMARK [1][-]{section.4.1}{Linear Analysis}{chapter.4}% 27
\BOOKMARK [0][-]{chapter.5}{Conclusion}{}% 28
\BOOKMARK [1][-]{section.5.1}{Summary of Findings}{chapter.5}% 29
\BOOKMARK [1][-]{section.5.2}{Future Work}{chapter.5}% 30
\BOOKMARK [0][-]{appendix.A}{Further Mathematical Details}{}% 31
\BOOKMARK [1][-]{section.A.1}{Finite Difference Scheme}{appendix.A}% 32
\BOOKMARK [1][-]{section.A.2}{Functional Form of IC_1.}{appendix.A}% 33
\BOOKMARK [1][-]{section.A.3}{Derivation of Mean of Skewed Truncated Gaussian Distribution}{appendix.A}% 34
\BOOKMARK [0][-]{appendix.B}{Further Numerical Results}{}% 35
\BOOKMARK [1][-]{section.B.1}{For Chapter 2}{appendix.B}% 36
\BOOKMARK [1][-]{section.B.2}{For Chapter 3}{appendix.B}% 37
\BOOKMARK [2][-]{subsection.B.2.1}{A Symmetric Distribution}{section.B.2}% 38
\BOOKMARK [2][-]{subsection.B.2.2}{An Asymmetric Distribution}{section.B.2}% 39
\BOOKMARK [0][-]{figure.caption.68}{Bibliography}{}% 40
